[debug] [2021-06-30T19:07:35.642Z] ----------------------------------------------------------------------
[debug] [2021-06-30T19:07:35.644Z] Command:       /snap/node/4812/bin/node /usr/local/bin/firebase deploy
[debug] [2021-06-30T19:07:35.644Z] CLI Version:   9.14.0
[debug] [2021-06-30T19:07:35.645Z] Platform:      linux
[debug] [2021-06-30T19:07:35.645Z] Node Version:  v14.17.1
[debug] [2021-06-30T19:07:35.645Z] Time:          Thu Jul 01 2021 02:07:35 GMT+0700 (Indochina Time)
[debug] [2021-06-30T19:07:35.645Z] ----------------------------------------------------------------------
[debug] 
[debug] [2021-06-30T19:07:35.651Z] > command requires scopes: ["email","openid","https://www.googleapis.com/auth/cloudplatformprojects.readonly","https://www.googleapis.com/auth/firebase","https://www.googleapis.com/auth/cloud-platform"]
[debug] [2021-06-30T19:07:35.651Z] > authorizing via signed-in user (laquyettam1995@gmail.com)
[debug] [2021-06-30T19:07:35.651Z] [iam] checking project facebook-mern-3c59a for permissions ["firebase.projects.get","firebasehosting.sites.update"]
[debug] [2021-06-30T19:07:35.653Z] >>> HTTP REQUEST POST https://cloudresourcemanager.googleapis.com/v1/projects/facebook-mern-3c59a:testIamPermissions  
 {"permissions":["firebase.projects.get","firebasehosting.sites.update"]}
[debug] [2021-06-30T19:07:36.813Z] <<< HTTP RESPONSE 200 {"content-type":"application/json; charset=UTF-8","vary":"X-Origin, Referer, Origin,Accept-Encoding","date":"Wed, 30 Jun 2021 19:07:36 GMT","server":"ESF","cache-control":"private","x-xss-protection":"0","x-frame-options":"SAMEORIGIN","x-content-type-options":"nosniff","server-timing":"gfet4t7; dur=837","alt-svc":"h3=\":443\"; ma=2592000,h3-29=\":443\"; ma=2592000,h3-T051=\":443\"; ma=2592000,h3-Q050=\":443\"; ma=2592000,h3-Q046=\":443\"; ma=2592000,h3-Q043=\":443\"; ma=2592000,quic=\":443\"; ma=2592000; v=\"46,43\"","accept-ranges":"none","transfer-encoding":"chunked"}
[debug] [2021-06-30T19:07:36.817Z] > refreshing access token with scopes: []
[debug] [2021-06-30T19:07:36.818Z] >>> HTTP REQUEST POST https://www.googleapis.com/oauth2/v3/token  
 <request body omitted>
[debug] [2021-06-30T19:07:37.105Z] <<< HTTP RESPONSE 200 {"date":"Wed, 30 Jun 2021 19:07:37 GMT","cache-control":"no-cache, no-store, max-age=0, must-revalidate","pragma":"no-cache","expires":"Mon, 01 Jan 1990 00:00:00 GMT","content-type":"application/json; charset=utf-8","vary":"X-Origin, Referer, Origin,Accept-Encoding","server":"scaffolding on HTTPServer2","x-xss-protection":"0","x-frame-options":"SAMEORIGIN","x-content-type-options":"nosniff","alt-svc":"h3=\":443\"; ma=2592000,h3-29=\":443\"; ma=2592000,h3-T051=\":443\"; ma=2592000,h3-Q050=\":443\"; ma=2592000,h3-Q046=\":443\"; ma=2592000,h3-Q043=\":443\"; ma=2592000,quic=\":443\"; ma=2592000; v=\"46,43\"","accept-ranges":"none","transfer-encoding":"chunked"}
[debug] [2021-06-30T19:07:37.122Z] >>> [apiv2][query] GET https://firebase.googleapis.com/v1beta1/projects/facebook-mern-3c59a [none]
[debug] [2021-06-30T19:07:37.970Z] <<< [apiv2][status] GET https://firebase.googleapis.com/v1beta1/projects/facebook-mern-3c59a 200
[debug] [2021-06-30T19:07:37.971Z] <<< [apiv2][body] GET https://firebase.googleapis.com/v1beta1/projects/facebook-mern-3c59a {"projectId":"facebook-mern-3c59a","projectNumber":"244716209146","displayName":"facebook-mern","name":"projects/facebook-mern-3c59a","resources":{"hostingSite":"facebook-mern-3c59a"},"state":"ACTIVE"}
[info] 
[info] === Deploying to 'facebook-mern-3c59a'...
[info] 
[info] i  deploying hosting 
[debug] [2021-06-30T19:07:37.976Z] > refreshing access token with scopes: ["email","https://www.googleapis.com/auth/cloud-platform","https://www.googleapis.com/auth/cloudplatformprojects.readonly","https://www.googleapis.com/auth/firebase","openid"]
[debug] [2021-06-30T19:07:37.976Z] >>> HTTP REQUEST POST https://www.googleapis.com/oauth2/v3/token  
 <request body omitted>
[debug] [2021-06-30T19:07:38.226Z] <<< HTTP RESPONSE 200 {"pragma":"no-cache","expires":"Mon, 01 Jan 1990 00:00:00 GMT","date":"Wed, 30 Jun 2021 19:07:38 GMT","cache-control":"no-cache, no-store, max-age=0, must-revalidate","content-type":"application/json; charset=utf-8","vary":"X-Origin, Referer, Origin,Accept-Encoding","server":"scaffolding on HTTPServer2","x-xss-protection":"0","x-frame-options":"SAMEORIGIN","x-content-type-options":"nosniff","alt-svc":"h3=\":443\"; ma=2592000,h3-29=\":443\"; ma=2592000,h3-T051=\":443\"; ma=2592000,h3-Q050=\":443\"; ma=2592000,h3-Q046=\":443\"; ma=2592000,h3-Q043=\":443\"; ma=2592000,quic=\":443\"; ma=2592000; v=\"46,43\"","accept-ranges":"none","transfer-encoding":"chunked"}
[debug] [2021-06-30T19:07:38.266Z] >>> HTTP REQUEST POST https://firebasehosting.googleapis.com/v1beta1/sites/facebook-mern-3c59a/versions  
 {"config":{"rewrites":[{"glob":"**","path":"/index.html"}]},"labels":{"deployment-tool":"cli-firebase"}}
